<?xml version="1.0" encoding="UTF-8"?>
<!-- Generated by org.testng.reporters.JUnitReportReporter -->
<testsuite hostname="shridhar" failures="0" tests="1" name="testClasses.VerifyUserCanHaveListOfOptions" time="2.553" errors="0" timestamp="2023-02-04T21:37:47 IST" skipped="0">
  <testcase classname="testClasses.VerifyUserCanHaveListOfOptions" name="VerifyUserCanHaveListOfOptions" time="2.553"/>
  <system-out/>
</testsuite> <!-- testClasses.VerifyUserCanHaveListOfOptions -->
