<?xml version="1.0" encoding="UTF-8"?>
<!-- Generated by org.testng.reporters.JUnitReportReporter -->
<testsuite hostname="shridhar" failures="0" tests="1" name="testClasses.VerifyUserCanLogin" time="24.517" errors="0" timestamp="2023-02-04T21:37:47 IST" skipped="0">
  <testcase classname="testClasses.VerifyUserCanLogin" name="VerifyUserCanLogin" time="24.517"/>
  <system-out/>
</testsuite> <!-- testClasses.VerifyUserCanLogin -->
