<?xml version="1.0" encoding="UTF-8"?>
<!-- Generated by org.testng.reporters.JUnitReportReporter -->
<testsuite hostname="shridhar" failures="0" tests="1" name="baseClasses.baseClass" time="0.007" errors="0" timestamp="2023-01-05T10:56:35 IST" skipped="0">
  <testcase classname="baseClasses.baseClass" name="getName" time="0.007"/>
  <system-out/>
</testsuite> <!-- baseClasses.baseClass -->
